#
# There is insufficient memory for the Java Runtime Environment to continue.
# Native memory allocation (malloc) failed to allocate 364496 bytes for Chunk::new
# Possible reasons:
#   The system is out of physical RAM or swap space
#   In 32 bit mode, the process size limit was hit
# Possible solutions:
#   Reduce memory load on the system
#   Increase physical memory or swap space
#   Check if swap backing store is full
#   Use 64 bit Java on a 64 bit OS
#   Decrease Java heap size (-Xmx/-Xms)
#   Decrease number of Java threads
#   Decrease Java thread stack sizes (-Xss)
#   Set larger code cache with -XX:ReservedCodeCacheSize=
# This output file may be truncated or incomplete.
#
#  Out of Memory Error (allocation.cpp:390), pid=10636, tid=0x00000000000030ec
#
# JRE version: OpenJDK Runtime Environment (8.0_112-b06) (build 1.8.0_112-release-b06)
# Java VM: OpenJDK 64-Bit Server VM (25.112-b06 mixed mode windows-amd64 compressed oops)
# Failed to write core dump. Minidumps are not enabled by default on client versions of Windows
#

---------------  T H R E A D  ---------------

Current thread (0x000000001612c000):  JavaThread "C2 CompilerThread1" daemon [_thread_in_native, id=12524, stack(0x0000000017b30000,0x0000000017c30000)]

Stack: [0x0000000017b30000,0x0000000017c30000]
[error occurred during error reporting (printing stack bounds), id 0xc0000005]

Native frames: (J=compiled Java code, j=interpreted, Vv=VM code, C=native code)


Current CompileTask:
C2: 142170 24997       4       com.android.dx.dex.file.DebugInfoEncoder::emitLocalsAtAddress (150 bytes)


---------------  P R O C E S S  ---------------

Java Threads: ( => current thread )
  0x0000000023c04000 JavaThread "pool-27-thread-1" [_thread_in_Java, id=14980, stack(0x000000003d7c0000,0x000000003d8c0000)]
  0x0000000023c08000 JavaThread "pool-26-thread-1" [_thread_blocked, id=13432, stack(0x000000003d1c0000,0x000000003d2c0000)]
  0x0000000020e37800 JavaThread "pool-20-thread-4" [_thread_blocked, id=13928, stack(0x000000002b4c0000,0x000000002b5c0000)]
  0x0000000020e37000 JavaThread "pool-20-thread-3" [_thread_blocked, id=6348, stack(0x000000002b3c0000,0x000000002b4c0000)]
  0x0000000020e33000 JavaThread "pool-20-thread-2" [_thread_blocked, id=15908, stack(0x000000002b2c0000,0x000000002b3c0000)]
  0x0000000020e34800 JavaThread "pool-20-thread-1" [_thread_blocked, id=15772, stack(0x000000002b1c0000,0x000000002b2c0000)]
  0x0000000020e35800 JavaThread "Cache update executor" [_thread_blocked, id=15384, stack(0x000000002b0c0000,0x000000002b1c0000)]
  0x0000000020e30000 JavaThread "Asynchronous log dispatcher for DefaultDaemonConnection: socket connection from /127.0.0.1:53690 to /127.0.0.1:54612" [_thread_blocked, id=13668, stack(0x000000002aec0000,0x000000002afc0000)]
  0x0000000020e32800 JavaThread "Cancel handler" [_thread_blocked, id=11660, stack(0x000000002adc0000,0x000000002aec0000)]
  0x0000000020e2e800 JavaThread "Handler for socket connection from /127.0.0.1:53690 to /127.0.0.1:54612" [_thread_in_native, id=9604, stack(0x000000002acc0000,0x000000002adc0000)]
  0x000000001a3f6000 JavaThread "File lock request listener" [_thread_in_native, id=1876, stack(0x000000001b4d0000,0x000000001b5d0000)]
  0x0000000019410000 JavaThread "Daemon worker" [_thread_blocked, id=3768, stack(0x000000001a000000,0x000000001a100000)]
  0x0000000019388800 JavaThread "pool-1-thread-1" [_thread_blocked, id=7032, stack(0x0000000019e00000,0x0000000019f00000)]
  0x000000001937f000 JavaThread "Daemon" [_thread_blocked, id=9176, stack(0x0000000019c00000,0x0000000019d00000)]
  0x0000000018fdd000 JavaThread "Incoming local TCP Connector on port 53690" [_thread_in_native, id=14220, stack(0x0000000019900000,0x0000000019a00000)]
  0x00000000174bf800 JavaThread "Service Thread" daemon [_thread_blocked, id=15528, stack(0x0000000017d30000,0x0000000017e30000)]
  0x0000000017458800 JavaThread "C1 CompilerThread2" daemon [_thread_blocked, id=12832, stack(0x0000000017c30000,0x0000000017d30000)]
=>0x000000001612c000 JavaThread "C2 CompilerThread1" daemon [_thread_in_native, id=12524, stack(0x0000000017b30000,0x0000000017c30000)]
  0x0000000016129800 JavaThread "C2 CompilerThread0" daemon [_thread_in_native, id=14624, stack(0x0000000017a30000,0x0000000017b30000)]
  0x00000000160db800 JavaThread "Attach Listener" daemon [_thread_blocked, id=11540, stack(0x0000000017930000,0x0000000017a30000)]
  0x0000000017438800 JavaThread "Signal Dispatcher" daemon [_thread_blocked, id=15424, stack(0x0000000017830000,0x0000000017930000)]
  0x00000000160b8000 JavaThread "Finalizer" daemon [_thread_blocked, id=16376, stack(0x0000000017330000,0x0000000017430000)]
  0x0000000016097000 JavaThread "Reference Handler" daemon [_thread_blocked, id=15468, stack(0x0000000017230000,0x0000000017330000)]
  0x0000000002660800 JavaThread "main" [_thread_blocked, id=11328, stack(0x0000000002560000,0x0000000002660000)]

Other Threads:
  0x0000000016095800 VMThread [stack: 0x0000000017130000,0x0000000017230000] [id=14560]
  0x00000000174d1800 WatcherThread [stack: 0x0000000017e30000,0x0000000017f30000] [id=15964]

VM state:not at safepoint (normal execution)

VM Mutex/Monitor currently owned by a thread: None

Heap:
 PSYoungGen      total 427008K, used 46879K [0x00000000e0000000, 0x00000000ff600000, 0x0000000100000000)
  eden space 342016K, 13% used [0x00000000e0000000,0x00000000e2dc7d00,0x00000000f4e00000)
  from space 84992K, 0% used [0x00000000f4e00000,0x00000000f4e00000,0x00000000fa100000)
  to   space 81408K, 0% used [0x00000000fa680000,0x00000000fa680000,0x00000000ff600000)
 ParOldGen       total 1030144K, used 628354K [0x00000000a0000000, 0x00000000dee00000, 0x00000000e0000000)
  object space 1030144K, 60% used [0x00000000a0000000,0x00000000c65a0bc8,0x00000000dee00000)
 Metaspace       used 83197K, capacity 87470K, committed 87552K, reserved 1126400K
  class space    used 10077K, capacity 10942K, committed 11008K, reserved 1048576K

Card table byte_map: [0x0000000011b20000,0x0000000011e30000] byte_map_base: 0x0000000011620000

Marking Bits: (ParMarkBitMap*) 0x000000006ed418f0
 Begin Bits: [0x0000000012430000, 0x0000000013c30000)
 End Bits:   [0x0000000013c30000, 0x0000000015430000)

Polling page: 0x0000000000430000

CodeCache: size=245760Kb used=69712Kb max_used=71321Kb free=176048Kb
 bounds [0x0000000002760000, 0x0000000006d60000, 0x0000000011760000]
 total_blobs=19499 nmethods=18678 adapters=731
 compilation: enabled

Compilation events (10 events):
Event: 142.106 Thread 0x0000000017458800 nmethod 24994 0x0000000006746b50 code [0x0000000006746e00, 0x0000000006748208]
Event: 142.107 Thread 0x000000001612c000 24995       4       com.android.dex.Leb128::writeUnsignedLeb128 (46 bytes)
Event: 142.110 Thread 0x000000001612c000 nmethod 24995 0x0000000005fdfb10 code [0x0000000005fdfc60, 0x0000000005fdff58]
Event: 142.110 Thread 0x000000001612c000 24997       4       com.android.dx.dex.file.DebugInfoEncoder::emitLocalsAtAddress (150 bytes)
Event: 142.114 Thread 0x0000000017458800 25000       3       com.android.dx.dex.file.DebugInfoEncoder::emitLocalStartExtended (103 bytes)
Event: 142.115 Thread 0x0000000017458800 nmethod 25000 0x00000000067a4b10 code [0x00000000067a4e00, 0x00000000067a6558]
Event: 142.119 Thread 0x0000000017458800 25001       3       com.android.dx.dex.code.SwitchData::codeSize (27 bytes)
Event: 142.119 Thread 0x0000000017458800 nmethod 25001 0x0000000002fcd890 code [0x0000000002fcda00, 0x0000000002fcdd08]
Event: 142.121 Thread 0x0000000016129800 nmethod 24984 0x000000000659a8d0 code [0x000000000659abe0, 0x000000000659c6b8]
Event: 142.121 Thread 0x0000000016129800 24999       4       com.android.dx.dex.file.DebugInfoEncoder::emitHeader (530 bytes)

GC Heap History (10 events):
Event: 132.536 GC heap before
{Heap before GC invocations=52 (full 7):
 PSYoungGen      total 433152K, used 386020K [0x00000000e0000000, 0x0000000100000000, 0x0000000100000000)
  eden space 338944K, 100% used [0x00000000e0000000,0x00000000f4b00000,0x00000000f4b00000)
  from space 94208K, 49% used [0x00000000fa400000,0x00000000fd1f92d8,0x0000000100000000)
  to   space 91136K, 0% used [0x00000000f4b00000,0x00000000f4b00000,0x00000000fa400000)
 ParOldGen       total 952320K, used 726288K [0x00000000a0000000, 0x00000000da200000, 0x00000000e0000000)
  object space 952320K, 76% used [0x00000000a0000000,0x00000000cc544228,0x00000000da200000)
 Metaspace       used 82750K, capacity 86990K, committed 87296K, reserved 1126400K
  class space    used 10060K, capacity 10910K, committed 11008K, reserved 1048576K
Event: 132.615 GC heap after
Heap after GC invocations=52 (full 7):
 PSYoungGen      total 386048K, used 46880K [0x00000000e0000000, 0x00000000ff700000, 0x0000000100000000)
  eden space 338944K, 0% used [0x00000000e0000000,0x00000000e0000000,0x00000000f4b00000)
  from space 47104K, 99% used [0x00000000f4b00000,0x00000000f78c83b0,0x00000000f7900000)
  to   space 88064K, 0% used [0x00000000fa100000,0x00000000fa100000,0x00000000ff700000)
 ParOldGen       total 952320K, used 772005K [0x00000000a0000000, 0x00000000da200000, 0x00000000e0000000)
  object space 952320K, 81% used [0x00000000a0000000,0x00000000cf1e95a0,0x00000000da200000)
 Metaspace       used 82750K, capacity 86990K, committed 87296K, reserved 1126400K
  class space    used 10060K, capacity 10910K, committed 11008K, reserved 1048576K
}
Event: 132.965 GC heap before
{Heap before GC invocations=53 (full 7):
 PSYoungGen      total 386048K, used 385824K [0x00000000e0000000, 0x00000000ff700000, 0x0000000100000000)
  eden space 338944K, 100% used [0x00000000e0000000,0x00000000f4b00000,0x00000000f4b00000)
  from space 47104K, 99% used [0x00000000f4b00000,0x00000000f78c83b0,0x00000000f7900000)
  to   space 88064K, 0% used [0x00000000fa100000,0x00000000fa100000,0x00000000ff700000)
 ParOldGen       total 952320K, used 772005K [0x00000000a0000000, 0x00000000da200000, 0x00000000e0000000)
  object space 952320K, 81% used [0x00000000a0000000,0x00000000cf1e95a0,0x00000000da200000)
 Metaspace       used 82750K, capacity 86990K, committed 87296K, reserved 1126400K
  class space    used 10060K, capacity 10910K, committed 11008K, reserved 1048576K
Event: 133.050 GC heap after
Heap after GC invocations=53 (full 7):
 PSYoungGen      total 430080K, used 48563K [0x00000000e0000000, 0x0000000100000000, 0x0000000100000000)
  eden space 342016K, 0% used [0x00000000e0000000,0x00000000e0000000,0x00000000f4e00000)
  from space 88064K, 55% used [0x00000000fa100000,0x00000000fd06ce50,0x00000000ff700000)
  to   space 84992K, 0% used [0x00000000f4e00000,0x00000000f4e00000,0x00000000fa100000)
 ParOldGen       total 952320K, used 817386K [0x00000000a0000000, 0x00000000da200000, 0x00000000e0000000)
  object space 952320K, 85% used [0x00000000a0000000,0x00000000d1e3abb0,0x00000000da200000)
 Metaspace       used 82750K, capacity 86990K, committed 87296K, reserved 1126400K
  class space    used 10060K, capacity 10910K, committed 11008K, reserved 1048576K
}
Event: 133.407 GC heap before
{Heap before GC invocations=54 (full 7):
 PSYoungGen      total 430080K, used 390579K [0x00000000e0000000, 0x0000000100000000, 0x0000000100000000)
  eden space 342016K, 100% used [0x00000000e0000000,0x00000000f4e00000,0x00000000f4e00000)
  from space 88064K, 55% used [0x00000000fa100000,0x00000000fd06ce50,0x00000000ff700000)
  to   space 84992K, 0% used [0x00000000f4e00000,0x00000000f4e00000,0x00000000fa100000)
 ParOldGen       total 952320K, used 817386K [0x00000000a0000000, 0x00000000da200000, 0x00000000e0000000)
  object space 952320K, 85% used [0x00000000a0000000,0x00000000d1e3abb0,0x00000000da200000)
 Metaspace       used 82776K, capacity 86990K, committed 87296K, reserved 1126400K
  class space    used 10061K, capacity 10910K, committed 11008K, reserved 1048576K
Event: 133.513 GC heap after
Heap after GC invocations=54 (full 7):
 PSYoungGen      total 427008K, used 50070K [0x00000000e0000000, 0x00000000ff600000, 0x0000000100000000)
  eden space 342016K, 0% used [0x00000000e0000000,0x00000000e0000000,0x00000000f4e00000)
  from space 84992K, 58% used [0x00000000f4e00000,0x00000000f7ee5bf0,0x00000000fa100000)
  to   space 81408K, 0% used [0x00000000fa680000,0x00000000fa680000,0x00000000ff600000)
 ParOldGen       total 952320K, used 864274K [0x00000000a0000000, 0x00000000da200000, 0x00000000e0000000)
  object space 952320K, 90% used [0x00000000a0000000,0x00000000d4c04ae8,0x00000000da200000)
 Metaspace       used 82776K, capacity 86990K, committed 87296K, reserved 1126400K
  class space    used 10061K, capacity 10910K, committed 11008K, reserved 1048576K
}
Event: 133.513 GC heap before
{Heap before GC invocations=55 (full 8):
 PSYoungGen      total 427008K, used 50070K [0x00000000e0000000, 0x00000000ff600000, 0x0000000100000000)
  eden space 342016K, 0% used [0x00000000e0000000,0x00000000e0000000,0x00000000f4e00000)
  from space 84992K, 58% used [0x00000000f4e00000,0x00000000f7ee5bf0,0x00000000fa100000)
  to   space 81408K, 0% used [0x00000000fa680000,0x00000000fa680000,0x00000000ff600000)
 ParOldGen       total 952320K, used 864274K [0x00000000a0000000, 0x00000000da200000, 0x00000000e0000000)
  object space 952320K, 90% used [0x00000000a0000000,0x00000000d4c04ae8,0x00000000da200000)
 Metaspace       used 82776K, capacity 86990K, committed 87296K, reserved 1126400K
  class space    used 10061K, capacity 10910K, committed 11008K, reserved 1048576K
Event: 136.938 GC heap after
Heap after GC invocations=55 (full 8):
 PSYoungGen      total 427008K, used 0K [0x00000000e0000000, 0x00000000ff600000, 0x0000000100000000)
  eden space 342016K, 0% used [0x00000000e0000000,0x00000000e0000000,0x00000000f4e00000)
  from space 84992K, 0% used [0x00000000f4e00000,0x00000000f4e00000,0x00000000fa100000)
  to   space 81408K, 0% used [0x00000000fa680000,0x00000000fa680000,0x00000000ff600000)
 ParOldGen       total 952320K, used 901152K [0x00000000a0000000, 0x00000000da200000, 0x00000000e0000000)
  object space 952320K, 94% used [0x00000000a0000000,0x00000000d7008100,0x00000000da200000)
 Metaspace       used 82776K, capacity 86990K, committed 87296K, reserved 1126400K
  class space    used 10061K, capacity 10910K, committed 11008K, reserved 1048576K
}
Event: 138.925 GC heap before
{Heap before GC invocations=56 (full 9):
 PSYoungGen      total 427008K, used 342014K [0x00000000e0000000, 0x00000000ff600000, 0x0000000100000000)
  eden space 342016K, 99% used [0x00000000e0000000,0x00000000f4dffb28,0x00000000f4e00000)
  from space 84992K, 0% used [0x00000000f4e00000,0x00000000f4e00000,0x00000000fa100000)
  to   space 81408K, 0% used [0x00000000fa680000,0x00000000fa680000,0x00000000ff600000)
 ParOldGen       total 952320K, used 901152K [0x00000000a0000000, 0x00000000da200000, 0x00000000e0000000)
  object space 952320K, 94% used [0x00000000a0000000,0x00000000d7008100,0x00000000da200000)
 Metaspace       used 83193K, capacity 87406K, committed 87552K, reserved 1126400K
  class space    used 10077K, capacity 10942K, committed 11008K, reserved 1048576K
Event: 141.894 GC heap after
Heap after GC invocations=56 (full 9):
 PSYoungGen      total 427008K, used 0K [0x00000000e0000000, 0x00000000ff600000, 0x0000000100000000)
  eden space 342016K, 0% used [0x00000000e0000000,0x00000000e0000000,0x00000000f4e00000)
  from space 84992K, 0% used [0x00000000f4e00000,0x00000000f4e00000,0x00000000fa100000)
  to   space 81408K, 0% used [0x00000000fa680000,0x00000000fa680000,0x00000000ff600000)
 ParOldGen       total 1030144K, used 628354K [0x00000000a0000000, 0x00000000dee00000, 0x00000000e0000000)
  object space 1030144K, 60% used [0x00000000a0000000,0x00000000c65a0bc8,0x00000000dee00000)
 Metaspace       used 83193K, capacity 87406K, committed 87552K, reserved 1126400K
  class space    used 10077K, capacity 10942K, committed 11008K, reserved 1048576K
}

Deoptimization events (10 events):
Event: 138.419 Thread 0x0000000023c04000 Uncommon trap: reason=predicate action=maybe_recompile pc=0x0000000006cb92cc method=java.util.ComparableTimSort.reverseRange([Ljava/lang/Object;II)V @ 8
Event: 138.437 Thread 0x0000000023c04000 Uncommon trap: reason=predicate action=maybe_recompile pc=0x00000000068e3b88 method=java.util.ComparableTimSort.reverseRange([Ljava/lang/Object;II)V @ 8
Event: 138.690 Thread 0x0000000023c04000 Uncommon trap: reason=class_check action=maybe_recompile pc=0x0000000006981218 method=com.android.dx.dex.code.form.Form35c.isCompatible(Lcom/android/dx/dex/code/DalvInsn;)Z @ 36
Event: 138.691 Thread 0x0000000023c04000 Uncommon trap: reason=class_check action=maybe_recompile pc=0x0000000006981218 method=com.android.dx.dex.code.form.Form35c.isCompatible(Lcom/android/dx/dex/code/DalvInsn;)Z @ 36
Event: 138.691 Thread 0x0000000023c04000 Uncommon trap: reason=class_check action=maybe_recompile pc=0x0000000006981218 method=com.android.dx.dex.code.form.Form35c.isCompatible(Lcom/android/dx/dex/code/DalvInsn;)Z @ 36
Event: 138.691 Thread 0x0000000023c04000 Uncommon trap: reason=class_check action=maybe_recompile pc=0x0000000006981218 method=com.android.dx.dex.code.form.Form35c.isCompatible(Lcom/android/dx/dex/code/DalvInsn;)Z @ 36
Event: 138.820 Thread 0x0000000023c04000 Uncommon trap: reason=array_check action=maybe_recompile pc=0x0000000006d1511c method=java.util.ComparableTimSort.reverseRange([Ljava/lang/Object;II)V @ 20
Event: 138.828 Thread 0x0000000023c04000 Uncommon trap: reason=array_check action=maybe_recompile pc=0x0000000006d1511c method=java.util.ComparableTimSort.reverseRange([Ljava/lang/Object;II)V @ 20
Event: 142.030 Thread 0x0000000023c04000 Uncommon trap: reason=array_check action=maybe_recompile pc=0x0000000006d1511c method=java.util.ComparableTimSort.reverseRange([Ljava/lang/Object;II)V @ 20
Event: 142.100 Thread 0x0000000023c04000 Uncommon trap: reason=unstable_if action=reinterpret pc=0x000000000653991c method=com.android.dx.dex.file.DebugInfoEncoder.emitLocalsAtAddress(I)I @ 93

Internal exceptions (10 events):
Event: 113.202 Thread 0x0000000020e37800 Exception <a 'sun/nio/fs/WindowsException'> (0x00000000efadf850) thrown at [C:\src\android\AOSP-openjdk\external\jetbrains\jdk\hotspot\src\share\vm\prims\jni.cpp, line 709]
Event: 113.202 Thread 0x0000000020e37000 Exception <a 'sun/nio/fs/WindowsException'> (0x00000000efb21188) thrown at [C:\src\android\AOSP-openjdk\external\jetbrains\jdk\hotspot\src\share\vm\prims\jni.cpp, line 709]
Event: 113.203 Thread 0x0000000020e37000 Exception <a 'sun/nio/fs/WindowsException'> (0x00000000efb21978) thrown at [C:\src\android\AOSP-openjdk\external\jetbrains\jdk\hotspot\src\share\vm\prims\jni.cpp, line 709]
Event: 120.686 Thread 0x0000000023c08000 Implicit null exception at 0x0000000006287d22 to 0x0000000006287e29
Event: 121.000 Thread 0x0000000023c01000 Implicit null exception at 0x00000000065e62b8 to 0x00000000065e65a9
Event: 122.471 Thread 0x0000000023c08000 Implicit null exception at 0x00000000068758a8 to 0x000000000687b2d9
Event: 125.726 Thread 0x0000000023c08800 Implicit null exception at 0x000000000676af89 to 0x000000000676e105
Event: 130.935 Thread 0x0000000023c05800 Implicit null exception at 0x000000000584ac7f to 0x000000000584ae59
Event: 132.031 Thread 0x0000000023c08000 Implicit null exception at 0x0000000005d2ecac to 0x0000000005d2ecce
Event: 138.385 Thread 0x0000000023c04000 Implicit null exception at 0x0000000006ccff4b to 0x0000000006cd2e4f

Events (10 events):
Event: 142.089 Thread 0x000000001612c000 flushing nmethod 0x0000000006908510
Event: 142.089 Thread 0x000000001612c000 flushing nmethod 0x000000000691f750
Event: 142.089 Thread 0x000000001612c000 flushing nmethod 0x00000000069e6e50
Event: 142.089 Thread 0x000000001612c000 flushing nmethod 0x0000000006a124d0
Event: 142.089 Thread 0x000000001612c000 flushing nmethod 0x0000000006a89150
Event: 142.100 Thread 0x0000000023c04000 Uncommon trap: trap_request=0xffffff65 fr.pc=0x000000000653991c
Event: 142.100 Thread 0x0000000023c04000 DEOPT PACKING pc=0x000000000653991c sp=0x000000003d8beb00
Event: 142.100 Thread 0x0000000023c04000 DEOPT UNPACKING pc=0x00000000027a556a sp=0x000000003d8beae8 mode 2
Event: 142.107 Thread 0x0000000023c04000 DEOPT PACKING pc=0x0000000003715a28 sp=0x000000003d8bef20
Event: 142.107 Thread 0x0000000023c04000 DEOPT UNPACKING pc=0x00000000027a75bf sp=0x000000003d8becd8 mode 0


Dynamic libraries:
0x00007ff7c1ee0000 - 0x00007ff7c1f11000 	D:\java\Android\Android Studio\jre\bin\java.exe
0x00007ffce3520000 - 0x00007ffce36e1000 	C:\windows\SYSTEM32\ntdll.dll
0x00007ffce0f40000 - 0x00007ffce0fed000 	C:\windows\system32\KERNEL32.DLL
0x00007ffcdfda0000 - 0x00007ffcdff88000 	C:\windows\system32\KERNELBASE.dll
0x00007ffce0970000 - 0x00007ffce0a17000 	C:\windows\system32\ADVAPI32.dll
0x00007ffce3050000 - 0x00007ffce30ed000 	C:\windows\system32\msvcrt.dll
0x00007ffce0d60000 - 0x00007ffce0dbb000 	C:\windows\system32\sechost.dll
0x00007ffce2d00000 - 0x00007ffce2e1c000 	C:\windows\system32\RPCRT4.dll
0x00007ffce2ef0000 - 0x00007ffce3046000 	C:\windows\system32\USER32.dll
0x00007ffce07e0000 - 0x00007ffce0966000 	C:\windows\system32\GDI32.dll
0x00007ffccb4c0000 - 0x00007ffccb734000 	C:\windows\WinSxS\amd64_microsoft.windows.common-controls_6595b64144ccf1df_6.0.10586.0_none_8c15ae12515e1c22\COMCTL32.dll
0x00007ffce0ff0000 - 0x00007ffce126d000 	C:\windows\system32\combase.dll
0x00007ffce00a0000 - 0x00007ffce010a000 	C:\windows\system32\bcryptPrimitives.dll
0x00007ffce0c20000 - 0x00007ffce0c5b000 	C:\windows\system32\IMM32.DLL
0x000000006e3c0000 - 0x000000006e492000 	D:\java\Android\Android Studio\jre\jre\bin\msvcr100.dll
0x000000006e580000 - 0x000000006edbc000 	D:\java\Android\Android Studio\jre\jre\bin\server\jvm.dll
0x00007ffcdfd20000 - 0x00007ffcdfd43000 	C:\windows\system32\WINMM.dll
0x00007ffcdf950000 - 0x00007ffcdf97c000 	C:\windows\system32\WINMMBASE.dll
0x00007ffcdff90000 - 0x00007ffcdffd3000 	C:\windows\system32\cfgmgr32.dll
0x00007ffcc5ec0000 - 0x00007ffcc5ec9000 	C:\windows\SYSTEM32\WSOCK32.dll
0x00007ffce0760000 - 0x00007ffce0768000 	C:\windows\system32\PSAPI.DLL
0x00007ffcdcac0000 - 0x00007ffcdcaca000 	C:\windows\SYSTEM32\VERSION.dll
0x00007ffce2c90000 - 0x00007ffce2cfb000 	C:\windows\system32\WS2_32.dll
0x00007ffcd3f80000 - 0x00007ffcd3f8f000 	D:\java\Android\Android Studio\jre\jre\bin\verify.dll
0x00007ffcd3f00000 - 0x00007ffcd3f29000 	D:\java\Android\Android Studio\jre\jre\bin\java.dll
0x00007ffcd3690000 - 0x00007ffcd36a6000 	D:\java\Android\Android Studio\jre\jre\bin\zip.dll
0x00007ffce1450000 - 0x00007ffce29ac000 	C:\windows\system32\SHELL32.dll
0x00007ffce0110000 - 0x00007ffce0755000 	C:\windows\system32\windows.storage.dll
0x00007ffce0dc0000 - 0x00007ffce0e12000 	C:\windows\system32\shlwapi.dll
0x00007ffcdf920000 - 0x00007ffcdf92f000 	C:\windows\system32\kernel.appcore.dll
0x00007ffcdffe0000 - 0x00007ffce0095000 	C:\windows\system32\shcore.dll
0x00007ffcdfd50000 - 0x00007ffcdfd9b000 	C:\windows\system32\powrprof.dll
0x00007ffcdf930000 - 0x00007ffcdf944000 	C:\windows\system32\profapi.dll
0x00007ffcd2330000 - 0x00007ffcd234a000 	D:\java\Android\Android Studio\jre\jre\bin\net.dll
0x00007ffcdf1e0000 - 0x00007ffcdf23c000 	C:\windows\system32\mswsock.dll
0x00007ffcd1ed0000 - 0x00007ffcd1ee1000 	D:\java\Android\Android Studio\jre\jre\bin\nio.dll
0x00007ffcd0880000 - 0x00007ffcd089e000 	C:\Users\Administrator\.gradle\native\23\windows-amd64\native-platform.dll
0x00007ffcdf290000 - 0x00007ffcdf2a7000 	C:\windows\SYSTEM32\CRYPTSP.dll
0x00007ffcdef20000 - 0x00007ffcdef54000 	C:\windows\system32\rsaenh.dll
0x00007ffcdf840000 - 0x00007ffcdf869000 	C:\windows\SYSTEM32\bcrypt.dll
0x00007ffcdf070000 - 0x00007ffcdf08f000 	C:\windows\SYSTEM32\USERENV.dll
0x00007ffcdf3b0000 - 0x00007ffcdf3bb000 	C:\windows\SYSTEM32\CRYPTBASE.dll
0x00007ffcdca80000 - 0x00007ffcdcab8000 	C:\windows\SYSTEM32\IPHLPAPI.DLL
0x00007ffce2ac0000 - 0x00007ffce2ac8000 	C:\windows\system32\NSI.dll
0x00007ffcd58f0000 - 0x00007ffcd5906000 	C:\windows\SYSTEM32\dhcpcsvc6.DLL
0x00007ffcd5710000 - 0x00007ffcd572a000 	C:\windows\SYSTEM32\dhcpcsvc.DLL
0x00007ffcd3f70000 - 0x00007ffcd3f7d000 	D:\java\Android\Android Studio\jre\jre\bin\management.dll
0x00007ffcdee00000 - 0x00007ffcdee31000 	C:\windows\SYSTEM32\ntmarta.dll
0x00007ffcc4cb0000 - 0x00007ffcc4d4c000 	C:\windows\SYSTEM32\efswrt.dll
0x00007ffce2e20000 - 0x00007ffce2ee1000 	C:\windows\system32\OLEAUT32.dll
0x00007ffcdbfa0000 - 0x00007ffcdc0d6000 	C:\windows\SYSTEM32\wintypes.dll
0x00007ffccad80000 - 0x00007ffccadd0000 	C:\windows\SYSTEM32\edputil.dll

VM Arguments:
jvm_args: -Xmx1536m -Dfile.encoding=GBK -Duser.country=CN -Duser.language=zh -Duser.variant 
java_command: org.gradle.launcher.daemon.bootstrap.GradleDaemon 3.3
java_class_path (initial): C:\Users\Administrator\.gradle\wrapper\dists\gradle-3.3-all\55gk2rcmfc6p2dg9u9ohc3hw9\gradle-3.3\lib\gradle-launcher-3.3.jar
Launcher Type: SUN_STANDARD

Environment Variables:
JAVA_HOME=D:\java\jdk1.7.0_80
PATH=D:\java\Android\sdk1\platform-tools;D:\java\jdk1.7.0_80\bin;C:\windows\system32;C:\windows;C:\windows\System32\Wbem;C:\windows\System32\WindowsPowerShell\v1.0\;C:\Program Files\TortoiseSVN\bin;C:\Program Files\TortoiseGit\bin;C:\Program Files (x86)\Git\cmd;C:\Users\Administrator\AppData\Local\GitHubDesktop\bin
USERNAME=Administrator
OS=Windows_NT
PROCESSOR_IDENTIFIER=Intel64 Family 6 Model 158 Stepping 9, GenuineIntel



---------------  S Y S T E M  ---------------

OS: Windows 10.0 , 64 bit Build 10586 (10.0.10586.0)

CPU:total 4 (4 cores per cpu, 1 threads per core) family 6 model 158 stepping 9, cmov, cx8, fxsr, mmx, sse, sse2, sse3, ssse3, sse4.1, sse4.2, popcnt, avx, avx2, aes, clmul, erms, 3dnowpref, lzcnt, tsc, tscinvbit, bmi1, bmi2, adx

Memory: 4k page, physical 8251236k(1376384k free), swap 9299812k(5132k free)

vm_info: OpenJDK 64-Bit Server VM (25.112-b06) for windows-amd64 JRE (1.8.0_112-release-b06), built on Dec  8 2016 00:54:26 by "builder" with MS VC++ 10.0 (VS2010)

time: Mon Aug 21 17:54:19 2017
elapsed time: 142 seconds (0d 0h 2m 22s)

