#
# There is insufficient memory for the Java Runtime Environment to continue.
# Native memory allocation (malloc) failed to allocate 1064976 bytes for Chunk::new
# Possible reasons:
#   The system is out of physical RAM or swap space
#   In 32 bit mode, the process size limit was hit
# Possible solutions:
#   Reduce memory load on the system
#   Increase physical memory or swap space
#   Check if swap backing store is full
#   Use 64 bit Java on a 64 bit OS
#   Decrease Java heap size (-Xmx/-Xms)
#   Decrease number of Java threads
#   Decrease Java thread stack sizes (-Xss)
#   Set larger code cache with -XX:ReservedCodeCacheSize=
# This output file may be truncated or incomplete.
#
#  Out of Memory Error (allocation.cpp:390), pid=8708, tid=0x0000000000001ca0
#
# JRE version: OpenJDK Runtime Environment (8.0_112-b06) (build 1.8.0_112-release-b06)
# Java VM: OpenJDK 64-Bit Server VM (25.112-b06 mixed mode windows-amd64 compressed oops)
# Failed to write core dump. Minidumps are not enabled by default on client versions of Windows
#

---------------  T H R E A D  ---------------

Current thread (0x00000000171ec000):  JavaThread "C2 CompilerThread1" daemon [_thread_in_native, id=7328, stack(0x0000000018c50000,0x0000000018d50000)]

Stack: [0x0000000018c50000,0x0000000018d50000]
[error occurred during error reporting (printing stack bounds), id 0xc0000005]

Native frames: (J=compiled Java code, j=interpreted, Vv=VM code, C=native code)


Current CompileTask:
C2:    426  437       4       com.android.multidex.ClassReferenceListBuilder::checkDescriptor (92 bytes)


---------------  P R O C E S S  ---------------

Java Threads: ( => current thread )
  0x00000000185e1000 JavaThread "Service Thread" daemon [_thread_blocked, id=3308, stack(0x0000000018e50000,0x0000000018f50000)]
  0x000000001723c000 JavaThread "C1 CompilerThread2" daemon [_thread_blocked, id=9904, stack(0x0000000018d50000,0x0000000018e50000)]
=>0x00000000171ec000 JavaThread "C2 CompilerThread1" daemon [_thread_in_native, id=7328, stack(0x0000000018c50000,0x0000000018d50000)]
  0x00000000171ea000 JavaThread "C2 CompilerThread0" daemon [_thread_in_native, id=8280, stack(0x0000000018b50000,0x0000000018c50000)]
  0x0000000017239800 JavaThread "Attach Listener" daemon [_thread_blocked, id=8260, stack(0x0000000018a50000,0x0000000018b50000)]
  0x00000000171d6800 JavaThread "Signal Dispatcher" daemon [_thread_blocked, id=11144, stack(0x0000000018950000,0x0000000018a50000)]
  0x00000000171c8800 JavaThread "Finalizer" daemon [_thread_blocked, id=8016, stack(0x0000000018450000,0x0000000018550000)]
  0x00000000026e0800 JavaThread "Reference Handler" daemon [_thread_blocked, id=10372, stack(0x0000000018350000,0x0000000018450000)]
  0x00000000001dd800 JavaThread "main" [_thread_in_vm, id=10868, stack(0x00000000024f0000,0x00000000025f0000)]

Other Threads:
  0x00000000171a4800 VMThread [stack: 0x0000000018250000,0x0000000018350000] [id=9816]
  0x00000000185e3000 WatcherThread [stack: 0x0000000018f50000,0x0000000019050000] [id=10996]

VM state:not at safepoint (normal execution)

VM Mutex/Monitor currently owned by a thread: None

Heap:
 PSYoungGen      total 37888K, used 33559K [0x00000000d6000000, 0x00000000daa00000, 0x0000000100000000)
  eden space 32768K, 89% used [0x00000000d6000000,0x00000000d7c80dc0,0x00000000d8000000)
  from space 5120K, 85% used [0x00000000d8000000,0x00000000d84450b0,0x00000000d8500000)
  to   space 5120K, 0% used [0x00000000da500000,0x00000000da500000,0x00000000daa00000)
 ParOldGen       total 86016K, used 8K [0x0000000082000000, 0x0000000087400000, 0x00000000d6000000)
  object space 86016K, 0% used [0x0000000082000000,0x0000000082002000,0x0000000087400000)
 Metaspace       used 3719K, capacity 5144K, committed 5376K, reserved 1056768K
  class space    used 385K, capacity 456K, committed 512K, reserved 1048576K

Card table byte_map: [0x0000000011ab0000,0x0000000011eb0000] byte_map_base: 0x00000000116a0000

Marking Bits: (ParMarkBitMap*) 0x000000005ea318f0
 Begin Bits: [0x0000000012550000, 0x00000000144d0000)
 End Bits:   [0x00000000144d0000, 0x0000000016450000)

Polling page: 0x0000000000500000

CodeCache: size=245760Kb used=2996Kb max_used=2996Kb free=242763Kb
 bounds [0x00000000026f0000, 0x00000000029e0000, 0x00000000116f0000]
 total_blobs=738 nmethods=489 adapters=163
 compilation: enabled

Compilation events (10 events):
Event: 0.388 Thread 0x000000001723c000  495       1       com.android.dx.cf.direct.DirectClassFile$DcfTypeList::size (5 bytes)
Event: 0.388 Thread 0x000000001723c000 nmethod 495 0x00000000029dd510 code [0x00000000029dd660, 0x00000000029dd770]
Event: 0.388 Thread 0x000000001723c000  496       3       com.android.multidex.ArchivePathElement$1$1::hasNext (66 bytes)
Event: 0.389 Thread 0x000000001723c000 nmethod 496 0x00000000029dd7d0 code [0x00000000029dd9a0, 0x00000000029de228]
Event: 0.407 Thread 0x000000001723c000  499       3       com.android.multidex.ArchivePathElement$1$1::next (5 bytes)
Event: 0.407 Thread 0x000000001723c000 nmethod 499 0x00000000029de550 code [0x00000000029de6e0, 0x00000000029dea98]
Event: 0.407 Thread 0x000000001723c000  500       3       com.android.dx.cf.direct.DirectClassFile::getAttributes (9 bytes)
Event: 0.408 Thread 0x000000001723c000 nmethod 500 0x00000000029dec50 code [0x00000000029dedc0, 0x00000000029df008]
Event: 0.414 Thread 0x000000001723c000  501       1       com.android.dx.cf.direct.DirectClassFile$DcfTypeList::isMutable (2 bytes)
Event: 0.414 Thread 0x000000001723c000 nmethod 501 0x00000000029df0d0 code [0x00000000029df220, 0x00000000029df330]

GC Heap History (2 events):
Event: 0.303 GC heap before
{Heap before GC invocations=1 (full 0):
 PSYoungGen      total 37888K, used 32768K [0x00000000d6000000, 0x00000000d8a00000, 0x0000000100000000)
  eden space 32768K, 100% used [0x00000000d6000000,0x00000000d8000000,0x00000000d8000000)
  from space 5120K, 0% used [0x00000000d8500000,0x00000000d8500000,0x00000000d8a00000)
  to   space 5120K, 0% used [0x00000000d8000000,0x00000000d8000000,0x00000000d8500000)
 ParOldGen       total 86016K, used 0K [0x0000000082000000, 0x0000000087400000, 0x00000000d6000000)
  object space 86016K, 0% used [0x0000000082000000,0x0000000082000000,0x0000000087400000)
 Metaspace       used 3684K, capacity 5080K, committed 5376K, reserved 1056768K
  class space    used 381K, capacity 456K, committed 512K, reserved 1048576K
Event: 0.308 GC heap after
Heap after GC invocations=1 (full 0):
 PSYoungGen      total 37888K, used 4372K [0x00000000d6000000, 0x00000000daa00000, 0x0000000100000000)
  eden space 32768K, 0% used [0x00000000d6000000,0x00000000d6000000,0x00000000d8000000)
  from space 5120K, 85% used [0x00000000d8000000,0x00000000d84450b0,0x00000000d8500000)
  to   space 5120K, 0% used [0x00000000da500000,0x00000000da500000,0x00000000daa00000)
 ParOldGen       total 86016K, used 8K [0x0000000082000000, 0x0000000087400000, 0x00000000d6000000)
  object space 86016K, 0% used [0x0000000082000000,0x0000000082002000,0x0000000087400000)
 Metaspace       used 3684K, capacity 5080K, committed 5376K, reserved 1056768K
  class space    used 381K, capacity 456K, committed 512K, reserved 1048576K
}

Deoptimization events (2 events):
Event: 0.191 Thread 0x00000000001dd800 Uncommon trap: reason=unloaded action=reinterpret pc=0x0000000002909504 method=com.android.dx.cf.cst.ConstantPoolParser.parse0(ILjava/util/BitSet;)Lcom/android/dx/rop/cst/Constant; @ 176
Event: 0.232 Thread 0x00000000001dd800 Uncommon trap: reason=unstable_if action=reinterpret pc=0x0000000002940d74 method=com.android.dx.cf.direct.StdAttributeFactory.parse0(Lcom/android/dx/cf/direct/DirectClassFile;ILjava/lang/String;IILcom/android/dx/cf/iface/ParseObserver;)Lcom/android/dx/cf/

Internal exceptions (2 events):
Event: 0.019 Thread 0x00000000001dd800 Exception <a 'java/lang/NoSuchMethodError': Method sun.misc.Unsafe.defineClass(Ljava/lang/String;[BII)Ljava/lang/Class; name or signature does not match> (0x00000000d6007c78) thrown at [C:\src\android\AOSP-openjdk\external\jetbrains\jdk\hotspot\src\share\vb©™WfÙ“?
Event: 0.019 Thread 0x00000000001dd800 Exception <a 'java/lang/NoSuchMethodError': Method sun.misc.Unsafe.prefetchRead(Ljava/lang/Object;J)V name or signature does not match> (0x00000000d6007f60) thrown at [C:\src\android\AOSP-openjdk\external\jetbrains\jdk\hotspot\src\share\vm\prims\jni.cpp, l

Events (10 events):
Event: 0.360 loading class java/util/HashMap$KeyIterator
Event: 0.360 loading class java/util/HashMap$HashIterator
Event: 0.360 loading class java/util/HashMap$HashIterator done
Event: 0.360 loading class java/util/HashMap$KeyIterator done
Event: 0.360 loading class com/android/multidex/ArchivePathElement$1
Event: 0.360 loading class com/android/multidex/ArchivePathElement$1 done
Event: 0.360 loading class com/android/multidex/ArchivePathElement$1$1
Event: 0.360 loading class com/android/multidex/ArchivePathElement$1$1 done
Event: 0.361 loading class java/util/NoSuchElementException
Event: 0.361 loading class java/util/NoSuchElementException done


Dynamic libraries:
0x00007ff68a8c0000 - 0x00007ff68a8f1000 	D:\java\Android\Android Studio\jre\bin\java.exe
0x00007ffd01270000 - 0x00007ffd01431000 	C:\windows\SYSTEM32\ntdll.dll
0x00007ffd00f60000 - 0x00007ffd0100d000 	C:\windows\system32\KERNEL32.DLL
0x00007ffcfdf40000 - 0x00007ffcfe128000 	C:\windows\system32\KERNELBASE.dll
0x00007ffd009e0000 - 0x00007ffd00a87000 	C:\windows\system32\ADVAPI32.dll
0x00007ffcfeb00000 - 0x00007ffcfeb9d000 	C:\windows\system32\msvcrt.dll
0x00007ffd005a0000 - 0x00007ffd005fb000 	C:\windows\system32\sechost.dll
0x00007ffd00bf0000 - 0x00007ffd00d0c000 	C:\windows\system32\RPCRT4.dll
0x00007ffd00a90000 - 0x00007ffd00be6000 	C:\windows\system32\USER32.dll
0x00007ffd010e0000 - 0x00007ffd01266000 	C:\windows\system32\GDI32.dll
0x00007ffce8b50000 - 0x00007ffce8dc4000 	C:\windows\WinSxS\amd64_microsoft.windows.common-controls_6595b64144ccf1df_6.0.10586.0_none_8c15ae12515e1c22\COMCTL32.dll
0x00007ffd00600000 - 0x00007ffd0087d000 	C:\windows\system32\combase.dll
0x00007ffcfd6d0000 - 0x00007ffcfd73a000 	C:\windows\system32\bcryptPrimitives.dll
0x00007ffcfe950000 - 0x00007ffcfe98b000 	C:\windows\system32\IMM32.DLL
0x000000005e0b0000 - 0x000000005e182000 	D:\java\Android\Android Studio\jre\jre\bin\msvcr100.dll
0x000000005e270000 - 0x000000005eaac000 	D:\java\Android\Android Studio\jre\jre\bin\server\jvm.dll
0x00007ffcfd740000 - 0x00007ffcfd763000 	C:\windows\system32\WINMM.dll
0x00007ffcfd660000 - 0x00007ffcfd68c000 	C:\windows\system32\WINMMBASE.dll
0x00007ffcfe460000 - 0x00007ffcfe4a3000 	C:\windows\system32\cfgmgr32.dll
0x00007ffce3480000 - 0x00007ffce3489000 	C:\windows\SYSTEM32\WSOCK32.dll
0x00007ffcfeae0000 - 0x00007ffcfeae8000 	C:\windows\system32\PSAPI.DLL
0x00007ffcfe8e0000 - 0x00007ffcfe94b000 	C:\windows\system32\WS2_32.dll
0x00007ffcfa7e0000 - 0x00007ffcfa7ea000 	C:\windows\SYSTEM32\VERSION.dll
0x00007ffcf2c20000 - 0x00007ffcf2c2f000 	D:\java\Android\Android Studio\jre\jre\bin\verify.dll
0x00007ffcf2820000 - 0x00007ffcf2849000 	D:\java\Android\Android Studio\jre\jre\bin\java.dll
0x00007ffcf2740000 - 0x00007ffcf2756000 	D:\java\Android\Android Studio\jre\jre\bin\zip.dll
0x00007ffcfef80000 - 0x00007ffd004dc000 	C:\windows\system32\SHELL32.dll
0x00007ffcfd840000 - 0x00007ffcfde85000 	C:\windows\system32\windows.storage.dll
0x00007ffd004e0000 - 0x00007ffd00532000 	C:\windows\system32\shlwapi.dll
0x00007ffcfd6c0000 - 0x00007ffcfd6cf000 	C:\windows\system32\kernel.appcore.dll
0x00007ffcfe390000 - 0x00007ffcfe445000 	C:\windows\system32\shcore.dll
0x00007ffcfd7d0000 - 0x00007ffcfd81b000 	C:\windows\system32\powrprof.dll
0x00007ffcfd690000 - 0x00007ffcfd6a4000 	C:\windows\system32\profapi.dll

VM Arguments:
jvm_args: -Djava.awt.headless=true -Dfile.encoding=GBK -Duser.country=CN -Duser.language=zh -Duser.variant 
java_command: com.android.multidex.ClassReferenceListBuilder D:\Danceapp\zgtywd\companys\SportsDance\Dance\build\intermediates\multi-dex\debug\componentClasses.jar D:\Danceapp\zgtywd\companys\SportsDance\Dance\build\intermediates\transforms\jarMerging\debug\jars\1\1f\combined.jar
java_class_path (initial): D:\java\Android\sdk1\build-tools\25.0.0\lib\dx.jar
Launcher Type: SUN_STANDARD

Environment Variables:
JAVA_HOME=D:\java\jdk1.7.0_80
PATH=D:\java\Android\sdk1\platform-tools;D:\java\jdk1.7.0_80\bin;C:\windows\system32;C:\windows;C:\windows\System32\Wbem;C:\windows\System32\WindowsPowerShell\v1.0\;C:\Program Files\TortoiseSVN\bin;C:\Program Files\TortoiseGit\bin;C:\Program Files (x86)\Git\cmd;C:\Users\Administrator\AppData\Local\GitHubDesktop\bin
USERNAME=Administrator
OS=Windows_NT
PROCESSOR_IDENTIFIER=Intel64 Family 6 Model 158 Stepping 9, GenuineIntel



---------------  S Y S T E M  ---------------

OS: Windows 10.0 , 64 bit Build 10586 (10.0.10586.0)

CPU:total 4 (4 cores per cpu, 1 threads per core) family 6 model 158 stepping 9, cmov, cx8, fxsr, mmx, sse, sse2, sse3, ssse3, sse4.1, sse4.2, popcnt, avx, avx2, aes, clmul, erms, 3dnowpref, lzcnt, tsc, tscinvbit, bmi1, bmi2, adx

Memory: 4k page, physical 8251236k(233944k free), swap 9299812k(6020k free)

vm_info: OpenJDK 64-Bit Server VM (25.112-b06) for windows-amd64 JRE (1.8.0_112-release-b06), built on Dec  8 2016 00:54:26 by "builder" with MS VC++ 10.0 (VS2010)

time: Wed Mar 21 15:16:02 2018
elapsed time: 0 seconds (0d 0h 0m 0s)

