#
# There is insufficient memory for the Java Runtime Environment to continue.
# Native memory allocation (malloc) failed to allocate 1177136 bytes for Chunk::new
# Possible reasons:
#   The system is out of physical RAM or swap space
#   In 32 bit mode, the process size limit was hit
# Possible solutions:
#   Reduce memory load on the system
#   Increase physical memory or swap space
#   Check if swap backing store is full
#   Use 64 bit Java on a 64 bit OS
#   Decrease Java heap size (-Xmx/-Xms)
#   Decrease number of Java threads
#   Decrease Java thread stack sizes (-Xss)
#   Set larger code cache with -XX:ReservedCodeCacheSize=
# This output file may be truncated or incomplete.
#
#  Out of Memory Error (allocation.cpp:390), pid=15564, tid=0x00000000000037f0
#
# JRE version: OpenJDK Runtime Environment (8.0_112-b06) (build 1.8.0_112-release-b06)
# Java VM: OpenJDK 64-Bit Server VM (25.112-b06 mixed mode windows-amd64 compressed oops)
# Failed to write core dump. Minidumps are not enabled by default on client versions of Windows
#

---------------  T H R E A D  ---------------

Current thread (0x0000000017279000):  JavaThread "C2 CompilerThread1" daemon [_thread_in_native, id=14320, stack(0x0000000018c80000,0x0000000018d80000)]

Stack: [0x0000000018c80000,0x0000000018d80000]
[error occurred during error reporting (printing stack bounds), id 0xc0000005]

Native frames: (J=compiled Java code, j=interpreted, Vv=VM code, C=native code)


Current CompileTask:
C2:    301  360   !   4       com.android.dx.cf.cst.ConstantPoolParser::parse0 (731 bytes)


---------------  P R O C E S S  ---------------

Java Threads: ( => current thread )
  0x00000000185fe800 JavaThread "Service Thread" daemon [_thread_blocked, id=14676, stack(0x0000000018e80000,0x0000000018f80000)]
  0x000000001727c800 JavaThread "C1 CompilerThread2" daemon [_thread_blocked, id=15708, stack(0x0000000018d80000,0x0000000018e80000)]
=>0x0000000017279000 JavaThread "C2 CompilerThread1" daemon [_thread_in_native, id=14320, stack(0x0000000018c80000,0x0000000018d80000)]
  0x000000001722b000 JavaThread "C2 CompilerThread0" daemon [_thread_in_native, id=16112, stack(0x0000000018b80000,0x0000000018c80000)]
  0x0000000017277000 JavaThread "Attach Listener" daemon [_thread_blocked, id=9188, stack(0x0000000018a80000,0x0000000018b80000)]
  0x0000000018588800 JavaThread "Signal Dispatcher" daemon [_thread_blocked, id=15872, stack(0x0000000018980000,0x0000000018a80000)]
  0x0000000017208800 JavaThread "Finalizer" daemon [_thread_blocked, id=15688, stack(0x0000000018480000,0x0000000018580000)]
  0x00000000171e7000 JavaThread "Reference Handler" daemon [_thread_blocked, id=15424, stack(0x0000000018380000,0x0000000018480000)]
  0x00000000022dd800 JavaThread "main" [_thread_in_Java, id=14856, stack(0x00000000020f0000,0x00000000021f0000)]

Other Threads:
  0x00000000171e5800 VMThread [stack: 0x0000000018280000,0x0000000018380000] [id=15964]
  0x0000000018612800 WatcherThread [stack: 0x0000000018f80000,0x0000000019080000] [id=15540]

VM state:not at safepoint (normal execution)

VM Mutex/Monitor currently owned by a thread: None

Heap:
 PSYoungGen      total 37888K, used 16355K [0x00000000d6000000, 0x00000000daa00000, 0x0000000100000000)
  eden space 32768K, 36% used [0x00000000d6000000,0x00000000d6bd6828,0x00000000d8000000)
  from space 5120K, 82% used [0x00000000d8000000,0x00000000d84226a8,0x00000000d8500000)
  to   space 5120K, 0% used [0x00000000da500000,0x00000000da500000,0x00000000daa00000)
 ParOldGen       total 86016K, used 8K [0x0000000082000000, 0x0000000087400000, 0x00000000d6000000)
  object space 86016K, 0% used [0x0000000082000000,0x0000000082002000,0x0000000087400000)
 Metaspace       used 3700K, capacity 5144K, committed 5376K, reserved 1056768K
  class space    used 381K, capacity 456K, committed 512K, reserved 1048576K

Card table byte_map: [0x0000000011af0000,0x0000000011ef0000] byte_map_base: 0x00000000116e0000

Marking Bits: (ParMarkBitMap*) 0x00000000651a18f0
 Begin Bits: [0x0000000012590000, 0x0000000014510000)
 End Bits:   [0x0000000014510000, 0x0000000016490000)

Polling page: 0x0000000000430000

CodeCache: size=245760Kb used=2940Kb max_used=2940Kb free=242819Kb
 bounds [0x0000000002730000, 0x0000000002a20000, 0x0000000011730000]
 total_blobs=710 nmethods=461 adapters=163
 compilation: enabled

Compilation events (10 events):
Event: 0.292 Thread 0x000000001727c800  464       3       java.util.zip.ZipFile$ZipEntryIterator::hasMoreElements (5 bytes)
Event: 0.292 Thread 0x000000001727c800 nmethod 464 0x0000000002a08210 code [0x0000000002a08380, 0x0000000002a08528]
Event: 0.292 Thread 0x000000001727c800  465   !   3       java.util.zip.ZipFile$ZipEntryIterator::hasNext (41 bytes)
Event: 0.293 Thread 0x000000001727c800 nmethod 465 0x0000000002a085d0 code [0x0000000002a08740, 0x0000000002a08b48]
Event: 0.293 Thread 0x000000001727c800  466   !   3       java.util.zip.ZipFile$ZipEntryIterator::next (212 bytes)
Event: 0.293 Thread 0x000000001727c800 nmethod 466 0x0000000002a09110 code [0x0000000002a09480, 0x0000000002a0adb8]
Event: 0.293 Thread 0x000000001727c800  467       3       java.util.zip.ZipFile::access$500 (6 bytes)
Event: 0.294 Thread 0x000000001727c800 nmethod 467 0x0000000002a0c1d0 code [0x0000000002a0c340, 0x0000000002a0c4a8]
Event: 0.295 Thread 0x000000001727c800  470   !   3       com.android.dx.cf.direct.DirectClassFile$DcfTypeList::<init> (137 bytes)
Event: 0.296 Thread 0x000000001727c800 nmethod 470 0x0000000002a0c550 code [0x0000000002a0c940, 0x0000000002a0ec38]

GC Heap History (2 events):
Event: 0.262 GC heap before
{Heap before GC invocations=1 (full 0):
 PSYoungGen      total 37888K, used 32768K [0x00000000d6000000, 0x00000000d8a00000, 0x0000000100000000)
  eden space 32768K, 100% used [0x00000000d6000000,0x00000000d8000000,0x00000000d8000000)
  from space 5120K, 0% used [0x00000000d8500000,0x00000000d8500000,0x00000000d8a00000)
  to   space 5120K, 0% used [0x00000000d8000000,0x00000000d8000000,0x00000000d8500000)
 ParOldGen       total 86016K, used 0K [0x0000000082000000, 0x0000000087400000, 0x00000000d6000000)
  object space 86016K, 0% used [0x0000000082000000,0x0000000082000000,0x0000000087400000)
 Metaspace       used 3674K, capacity 5080K, committed 5376K, reserved 1056768K
  class space    used 381K, capacity 456K, committed 512K, reserved 1048576K
Event: 0.267 GC heap after
Heap after GC invocations=1 (full 0):
 PSYoungGen      total 37888K, used 4233K [0x00000000d6000000, 0x00000000daa00000, 0x0000000100000000)
  eden space 32768K, 0% used [0x00000000d6000000,0x00000000d6000000,0x00000000d8000000)
  from space 5120K, 82% used [0x00000000d8000000,0x00000000d84226a8,0x00000000d8500000)
  to   space 5120K, 0% used [0x00000000da500000,0x00000000da500000,0x00000000daa00000)
 ParOldGen       total 86016K, used 8K [0x0000000082000000, 0x0000000087400000, 0x00000000d6000000)
  object space 86016K, 0% used [0x0000000082000000,0x0000000082002000,0x0000000087400000)
 Metaspace       used 3674K, capacity 5080K, committed 5376K, reserved 1056768K
  class space    used 381K, capacity 456K, committed 512K, reserved 1048576K
}

Deoptimization events (3 events):
Event: 0.155 Thread 0x00000000022dd800 Uncommon trap: reason=unstable_if action=reinterpret pc=0x00000000028d0338 method=com.android.dx.rop.cst.StdConstantPool.set(ILcom/android/dx/rop/cst/Constant;)V @ 12
Event: 0.181 Thread 0x00000000022dd800 Uncommon trap: reason=unloaded action=reinterpret pc=0x000000000292cc88 method=com.android.dx.cf.cst.ConstantPoolParser.parse0(ILjava/util/BitSet;)Lcom/android/dx/rop/cst/Constant; @ 176
Event: 0.213 Thread 0x00000000022dd800 Uncommon trap: reason=unstable_if action=reinterpret pc=0x0000000002985fec method=com.android.dx.cf.attrib.AttConstantValue.<init>(Lcom/android/dx/rop/cst/TypedConstant;)V @ 10

Internal exceptions (2 events):
Event: 0.023 Thread 0x00000000022dd800 Exception <a 'java/lang/NoSuchMethodError': Method sun.misc.Unsafe.defineClass(Ljava/lang/String;[BII)Ljava/lang/Class; name or signature does not match> (0x00000000d6007c78) thrown at [C:\src\android\AOSP-openjdk\external\jetbrains\jdk\hotspot\src\share\v%@LáQ—?
Event: 0.023 Thread 0x00000000022dd800 Exception <a 'java/lang/NoSuchMethodError': Method sun.misc.Unsafe.prefetchRead(Ljava/lang/Object;J)V name or signature does not match> (0x00000000d6007f60) thrown at [C:\src\android\AOSP-openjdk\external\jetbrains\jdk\hotspot\src\share\vm\prims\jni.cpp, l

Events (10 events):
Event: 0.181 Thread 0x00000000022dd800 Uncommon trap: trap_request=0x000000cf fr.pc=0x000000000292cc88
Event: 0.181 Thread 0x00000000022dd800 DEOPT PACKING pc=0x000000000292cc88 sp=0x00000000021eed10
Event: 0.181 Thread 0x00000000022dd800 DEOPT UNPACKING pc=0x000000000277556a sp=0x00000000021eecd0 mode 2
Event: 0.213 Thread 0x00000000022dd800 Uncommon trap: trap_request=0xffffff65 fr.pc=0x0000000002985fec
Event: 0.213 Thread 0x00000000022dd800 DEOPT PACKING pc=0x0000000002985fec sp=0x00000000021eea80
Event: 0.213 Thread 0x00000000022dd800 DEOPT UNPACKING pc=0x000000000277556a sp=0x00000000021ee928 mode 2
Event: 0.260 loading class com/android/dx/cf/attrib/AttAnnotationDefault
Event: 0.260 loading class com/android/dx/cf/attrib/AttAnnotationDefault done
Event: 0.261 Executing VM operation: ParallelGCFailedAllocation
Event: 0.267 Executing VM operation: ParallelGCFailedAllocation done


Dynamic libraries:
0x00007ff6b5020000 - 0x00007ff6b5051000 	D:\java\Android\Android Studio\jre\bin\java.exe
0x00007ff80eba0000 - 0x00007ff80ed61000 	C:\windows\SYSTEM32\ntdll.dll
0x00007ff80c0a0000 - 0x00007ff80c14d000 	C:\windows\system32\KERNEL32.DLL
0x00007ff80b9b0000 - 0x00007ff80bb98000 	C:\windows\system32\KERNELBASE.dll
0x00007ff80cb20000 - 0x00007ff80cbc7000 	C:\windows\system32\ADVAPI32.dll
0x00007ff80bde0000 - 0x00007ff80be7d000 	C:\windows\system32\msvcrt.dll
0x00007ff80cbe0000 - 0x00007ff80cc3b000 	C:\windows\system32\sechost.dll
0x00007ff80c1c0000 - 0x00007ff80c2dc000 	C:\windows\system32\RPCRT4.dll
0x00007ff80bf40000 - 0x00007ff80c096000 	C:\windows\system32\USER32.dll
0x00007ff80cf00000 - 0x00007ff80d086000 	C:\windows\system32\GDI32.dll
0x00007ffff6df0000 - 0x00007ffff7064000 	C:\windows\WinSxS\amd64_microsoft.windows.common-controls_6595b64144ccf1df_6.0.10586.0_none_8c15ae12515e1c22\COMCTL32.dll
0x00007ff80e8e0000 - 0x00007ff80eb5d000 	C:\windows\system32\combase.dll
0x00007ff80b060000 - 0x00007ff80b0ca000 	C:\windows\system32\bcryptPrimitives.dll
0x00007ff80eb60000 - 0x00007ff80eb9b000 	C:\windows\system32\IMM32.DLL
0x0000000064820000 - 0x00000000648f2000 	D:\java\Android\Android Studio\jre\jre\bin\msvcr100.dll
0x00000000649e0000 - 0x000000006521c000 	D:\java\Android\Android Studio\jre\jre\bin\server\jvm.dll
0x00007ff80bbc0000 - 0x00007ff80bbe3000 	C:\windows\system32\WINMM.dll
0x00007ff80afc0000 - 0x00007ff80afec000 	C:\windows\system32\WINMMBASE.dll
0x00007ff80bcd0000 - 0x00007ff80bd13000 	C:\windows\system32\cfgmgr32.dll
0x00007ffff1b80000 - 0x00007ffff1b89000 	C:\windows\SYSTEM32\WSOCK32.dll
0x00007ff80cbd0000 - 0x00007ff80cbd8000 	C:\windows\system32\PSAPI.DLL
0x00007ff808170000 - 0x00007ff80817a000 	C:\windows\SYSTEM32\VERSION.dll
0x00007ff80c150000 - 0x00007ff80c1bb000 	C:\windows\system32\WS2_32.dll
0x00007ff808690000 - 0x00007ff80869f000 	D:\java\Android\Android Studio\jre\jre\bin\verify.dll
0x00007ff8006f0000 - 0x00007ff800719000 	D:\java\Android\Android Studio\jre\jre\bin\java.dll
0x00007ff807850000 - 0x00007ff807866000 	D:\java\Android\Android Studio\jre\jre\bin\zip.dll
0x00007ff80d090000 - 0x00007ff80e5ec000 	C:\windows\system32\SHELL32.dll
0x00007ff80b360000 - 0x00007ff80b9a5000 	C:\windows\system32\windows.storage.dll
0x00007ff80cda0000 - 0x00007ff80cdf2000 	C:\windows\system32\shlwapi.dll
0x00007ff80aff0000 - 0x00007ff80afff000 	C:\windows\system32\kernel.appcore.dll
0x00007ff80b2a0000 - 0x00007ff80b355000 	C:\windows\system32\shcore.dll
0x00007ff80bc80000 - 0x00007ff80bccb000 	C:\windows\system32\powrprof.dll
0x00007ff80afa0000 - 0x00007ff80afb4000 	C:\windows\system32\profapi.dll

VM Arguments:
jvm_args: -Djava.awt.headless=true -Dfile.encoding=GBK -Duser.country=CN -Duser.language=zh -Duser.variant 
java_command: com.android.multidex.ClassReferenceListBuilder D:\Danceapp\zgtywd\companys\SportsDance\Dance\build\intermediates\multi-dex\debug\componentClasses.jar D:\Danceapp\zgtywd\companys\SportsDance\Dance\build\intermediates\transforms\jarMerging\debug\jars\1\1f\combined.jar
java_class_path (initial): D:\java\Android\sdk1\build-tools\25.0.0\lib\dx.jar
Launcher Type: SUN_STANDARD

Environment Variables:
JAVA_HOME=D:\java\jdk1.7.0_80
PATH=D:\java\Android\sdk1\platform-tools;D:\java\jdk1.7.0_80\bin;C:\windows\system32;C:\windows;C:\windows\System32\Wbem;C:\windows\System32\WindowsPowerShell\v1.0\;C:\Program Files\TortoiseSVN\bin;C:\Program Files\TortoiseGit\bin;C:\Program Files (x86)\Git\cmd;C:\Users\Administrator\AppData\Local\GitHubDesktop\bin
USERNAME=Administrator
OS=Windows_NT
PROCESSOR_IDENTIFIER=Intel64 Family 6 Model 158 Stepping 9, GenuineIntel



---------------  S Y S T E M  ---------------

OS: Windows 10.0 , 64 bit Build 10586 (10.0.10586.0)

CPU:total 4 (4 cores per cpu, 1 threads per core) family 6 model 158 stepping 9, cmov, cx8, fxsr, mmx, sse, sse2, sse3, ssse3, sse4.1, sse4.2, popcnt, avx, avx2, aes, clmul, erms, 3dnowpref, lzcnt, tsc, tscinvbit, bmi1, bmi2, adx

Memory: 4k page, physical 8251236k(872156k free), swap 9299812k(6656k free)

vm_info: OpenJDK 64-Bit Server VM (25.112-b06) for windows-amd64 JRE (1.8.0_112-release-b06), built on Dec  8 2016 00:54:26 by "builder" with MS VC++ 10.0 (VS2010)

time: Fri Aug 18 17:26:34 2017
elapsed time: 0 seconds (0d 0h 0m 0s)

