#
# There is insufficient memory for the Java Runtime Environment to continue.
# Native memory allocation (malloc) failed to allocate 1048576 bytes for AllocateHeap
# Possible reasons:
#   The system is out of physical RAM or swap space
#   In 32 bit mode, the process size limit was hit
# Possible solutions:
#   Reduce memory load on the system
#   Increase physical memory or swap space
#   Check if swap backing store is full
#   Use 64 bit Java on a 64 bit OS
#   Decrease Java heap size (-Xmx/-Xms)
#   Decrease number of Java threads
#   Decrease Java thread stack sizes (-Xss)
#   Set larger code cache with -XX:ReservedCodeCacheSize=
# This output file may be truncated or incomplete.
#
#  Out of Memory Error (memory/allocation.inline.hpp:61), pid=3112, tid=0x00000000000025bc
#
# JRE version:  (8.0_112-b06) (build )
# Java VM: OpenJDK 64-Bit Server VM (25.112-b06 mixed mode windows-amd64 compressed oops)
# Failed to write core dump. Minidumps are not enabled by default on client versions of Windows
#

---------------  T H R E A D  ---------------

Current thread (0x00000000024dd800):  JavaThread "Unknown thread" [_thread_in_vm, id=9660, stack(0x00000000024e0000,0x00000000025e0000)]

Stack: [0x00000000024e0000,0x00000000025e0000]
[error occurred during error reporting (printing stack bounds), id 0xc0000005]

Native frames: (J=compiled Java code, j=interpreted, Vv=VM code, C=native code)


---------------  P R O C E S S  ---------------

Java Threads: ( => current thread )

Other Threads:

=>0x00000000024dd800 (exited) JavaThread "Unknown thread" [_thread_in_vm, id=9660, stack(0x00000000024e0000,0x00000000025e0000)]

VM state:not at safepoint (normal execution)

VM Mutex/Monitor currently owned by a thread: None

Heap:
 PSYoungGen      total 37888K, used 655K [0x00000000d6000000, 0x00000000d8a00000, 0x0000000100000000)
  eden space 32768K, 2% used [0x00000000d6000000,0x00000000d60a3d80,0x00000000d8000000)
  from space 5120K, 0% used [0x00000000d8500000,0x00000000d8500000,0x00000000d8a00000)
  to   space 5120K, 0% used [0x00000000d8000000,0x00000000d8000000,0x00000000d8500000)
 ParOldGen       total 86016K, used 0K [0x0000000082000000, 0x0000000087400000, 0x00000000d6000000)
  object space 86016K, 0% used [0x0000000082000000,0x0000000082000000,0x0000000087400000)
 Metaspace       used 772K, capacity 4480K, committed 4480K, reserved 1056768K
  class space    used 73K, capacity 384K, committed 384K, reserved 1048576K

Card table byte_map: [0x0000000011aa0000,0x0000000011ea0000] byte_map_base: 0x0000000011690000

Marking Bits: (ParMarkBitMap*) 0x00000000715e18f0
 Begin Bits: [0x0000000012540000, 0x00000000144c0000)
 End Bits:   [0x00000000144c0000, 0x0000000016440000)

Polling page: 0x00000000004f0000

CodeCache: size=245760Kb used=328Kb max_used=328Kb free=245431Kb
 bounds [0x00000000026e0000, 0x0000000002950000, 0x00000000116e0000]
 total_blobs=57 nmethods=0 adapters=38
 compilation: enabled

Compilation events (0 events):
No events

GC Heap History (0 events):
No events

Deoptimization events (0 events):
No events

Internal exceptions (0 events):
No events

Events (10 events):
Event: 0.015 loading class java/lang/Short
Event: 0.015 loading class java/lang/Short done
Event: 0.015 loading class java/lang/Integer
Event: 0.016 loading class java/lang/Integer done
Event: 0.016 loading class java/lang/Long
Event: 0.016 loading class java/lang/Long done
Event: 0.016 loading class java/lang/NullPointerException
Event: 0.016 loading class java/lang/NullPointerException done
Event: 0.016 loading class java/lang/ArithmeticException
Event: 0.016 loading class java/lang/ArithmeticException done


Dynamic libraries:
0x00007ff76ca50000 - 0x00007ff76ca81000 	D:\java\Android\Android Studio\jre\bin\java.exe
0x00007fff8b040000 - 0x00007fff8b201000 	C:\windows\SYSTEM32\ntdll.dll
0x00007fff89950000 - 0x00007fff899fd000 	C:\windows\system32\KERNEL32.DLL
0x00007fff87940000 - 0x00007fff87b28000 	C:\windows\system32\KERNELBASE.dll
0x00007fff88490000 - 0x00007fff88537000 	C:\windows\system32\ADVAPI32.dll
0x00007fff89070000 - 0x00007fff8910d000 	C:\windows\system32\msvcrt.dll
0x00007fff887b0000 - 0x00007fff8880b000 	C:\windows\system32\sechost.dll
0x00007fff89300000 - 0x00007fff8941c000 	C:\windows\system32\RPCRT4.dll
0x00007fff88df0000 - 0x00007fff88f46000 	C:\windows\system32\USER32.dll
0x00007fff89420000 - 0x00007fff895a6000 	C:\windows\system32\GDI32.dll
0x00007fff73310000 - 0x00007fff73584000 	C:\windows\WinSxS\amd64_microsoft.windows.common-controls_6595b64144ccf1df_6.0.10586.0_none_8c15ae12515e1c22\COMCTL32.dll
0x00007fff896b0000 - 0x00007fff8992d000 	C:\windows\system32\combase.dll
0x00007fff878a0000 - 0x00007fff8790a000 	C:\windows\system32\bcryptPrimitives.dll
0x00007fff88450000 - 0x00007fff8848b000 	C:\windows\system32\IMM32.DLL
0x0000000070c60000 - 0x0000000070d32000 	D:\java\Android\Android Studio\jre\jre\bin\msvcr100.dll
0x0000000070e20000 - 0x000000007165c000 	D:\java\Android\Android Studio\jre\jre\bin\server\jvm.dll
0x00007fff87910000 - 0x00007fff87933000 	C:\windows\system32\WINMM.dll
0x00007fff87450000 - 0x00007fff8747c000 	C:\windows\system32\WINMMBASE.dll
0x00007fff6e090000 - 0x00007fff6e099000 	C:\windows\SYSTEM32\WSOCK32.dll
0x00007fff874a0000 - 0x00007fff874e3000 	C:\windows\system32\cfgmgr32.dll
0x00007fff89a00000 - 0x00007fff89a08000 	C:\windows\system32\PSAPI.DLL
0x00007fff8afd0000 - 0x00007fff8b03b000 	C:\windows\system32\WS2_32.dll
0x00007fff84540000 - 0x00007fff8454a000 	C:\windows\SYSTEM32\VERSION.dll
0x00007fff7fbb0000 - 0x00007fff7fbbf000 	D:\java\Android\Android Studio\jre\jre\bin\verify.dll
0x00007fff74710000 - 0x00007fff74739000 	D:\java\Android\Android Studio\jre\jre\bin\java.dll
0x00007fff72c60000 - 0x00007fff72c76000 	D:\java\Android\Android Studio\jre\jre\bin\zip.dll

VM Arguments:
jvm_args: -Djava.awt.headless=true -Dfile.encoding=GBK -Duser.country=CN -Duser.language=zh -Duser.variant 
java_command: com.android.multidex.ClassReferenceListBuilder D:\Danceapp\zgtywd\companys\SportsDance\Dance\build\intermediates\multi-dex\debug\componentClasses.jar D:\Danceapp\zgtywd\companys\SportsDance\Dance\build\intermediates\transforms\jarMerging\debug\jars\1\1f\combined.jar
java_class_path (initial): D:\java\Android\sdk1\build-tools\25.0.0\lib\dx.jar
Launcher Type: SUN_STANDARD

Environment Variables:
JAVA_HOME=D:\java\jdk1.7.0_80
PATH=D:\java\Android\sdk1\platform-tools;D:\java\jdk1.7.0_80\bin;C:\windows\system32;C:\windows;C:\windows\System32\Wbem;C:\windows\System32\WindowsPowerShell\v1.0\;C:\Program Files\TortoiseSVN\bin;C:\Program Files\TortoiseGit\bin;C:\Program Files (x86)\Git\cmd;C:\Users\Administrator\AppData\Local\GitHubDesktop\bin
USERNAME=Administrator
OS=Windows_NT
PROCESSOR_IDENTIFIER=Intel64 Family 6 Model 158 Stepping 9, GenuineIntel



---------------  S Y S T E M  ---------------

OS: Windows 10.0 , 64 bit Build 10586 (10.0.10586.0)

CPU:total 4 (4 cores per cpu, 1 threads per core) family 6 model 158 stepping 9, cmov, cx8, fxsr, mmx, sse, sse2, sse3, ssse3, sse4.1, sse4.2, popcnt, avx, avx2, aes, clmul, erms, 3dnowpref, lzcnt, tsc, tscinvbit, bmi1, bmi2, adx

Memory: 4k page, physical 8251236k(329200k free), swap 9299812k(5676k free)

vm_info: OpenJDK 64-Bit Server VM (25.112-b06) for windows-amd64 JRE (1.8.0_112-release-b06), built on Dec  8 2016 00:54:26 by "builder" with MS VC++ 10.0 (VS2010)

time: Tue Nov 28 15:11:12 2017
elapsed time: 0 seconds (0d 0h 0m 0s)

