#
# There is insufficient memory for the Java Runtime Environment to continue.
# Native memory allocation (malloc) failed to allocate 1048576 bytes for AllocateHeap
# Possible reasons:
#   The system is out of physical RAM or swap space
#   In 32 bit mode, the process size limit was hit
# Possible solutions:
#   Reduce memory load on the system
#   Increase physical memory or swap space
#   Check if swap backing store is full
#   Use 64 bit Java on a 64 bit OS
#   Decrease Java heap size (-Xmx/-Xms)
#   Decrease number of Java threads
#   Decrease Java thread stack sizes (-Xss)
#   Set larger code cache with -XX:ReservedCodeCacheSize=
# This output file may be truncated or incomplete.
#
#  Out of Memory Error (memory/allocation.inline.hpp:61), pid=14572, tid=0x0000000000003950
#
# JRE version:  (8.0_112-b06) (build )
# Java VM: OpenJDK 64-Bit Server VM (25.112-b06 mixed mode windows-amd64 compressed oops)
# Failed to write core dump. Minidumps are not enabled by default on client versions of Windows
#

---------------  T H R E A D  ---------------

Current thread (0x00000000024c1000):  JavaThread "Unknown thread" [_thread_in_vm, id=14672, stack(0x0000000002060000,0x0000000002160000)]

Stack: [0x0000000002060000,0x0000000002160000]
[error occurred during error reporting (printing stack bounds), id 0xc0000005]

Native frames: (J=compiled Java code, j=interpreted, Vv=VM code, C=native code)


---------------  P R O C E S S  ---------------

Java Threads: ( => current thread )

Other Threads:

=>0x00000000024c1000 (exited) JavaThread "Unknown thread" [_thread_in_vm, id=14672, stack(0x0000000002060000,0x0000000002160000)]

VM state:not at safepoint (normal execution)

VM Mutex/Monitor currently owned by a thread: None

Heap:
 PSYoungGen      total 37888K, used 655K [0x00000000d6000000, 0x00000000d8a00000, 0x0000000100000000)
  eden space 32768K, 2% used [0x00000000d6000000,0x00000000d60a3d80,0x00000000d8000000)
  from space 5120K, 0% used [0x00000000d8500000,0x00000000d8500000,0x00000000d8a00000)
  to   space 5120K, 0% used [0x00000000d8000000,0x00000000d8000000,0x00000000d8500000)
 ParOldGen       total 86016K, used 0K [0x0000000082000000, 0x0000000087400000, 0x00000000d6000000)
  object space 86016K, 0% used [0x0000000082000000,0x0000000082000000,0x0000000087400000)
 Metaspace       used 772K, capacity 4480K, committed 4480K, reserved 1056768K
  class space    used 73K, capacity 384K, committed 384K, reserved 1048576K

Card table byte_map: [0x0000000011a00000,0x0000000011e00000] byte_map_base: 0x00000000115f0000

Marking Bits: (ParMarkBitMap*) 0x000000006bb318f0
 Begin Bits: [0x00000000124a0000, 0x0000000014420000)
 End Bits:   [0x0000000014420000, 0x00000000163a0000)

Polling page: 0x00000000008f0000

CodeCache: size=245760Kb used=328Kb max_used=328Kb free=245431Kb
 bounds [0x0000000002640000, 0x00000000028b0000, 0x0000000011640000]
 total_blobs=57 nmethods=0 adapters=38
 compilation: enabled

Compilation events (0 events):
No events

GC Heap History (0 events):
No events

Deoptimization events (0 events):
No events

Internal exceptions (0 events):
No events

Events (10 events):
Event: 0.018 loading class java/lang/Short
Event: 0.018 loading class java/lang/Short done
Event: 0.018 loading class java/lang/Integer
Event: 0.018 loading class java/lang/Integer done
Event: 0.018 loading class java/lang/Long
Event: 0.018 loading class java/lang/Long done
Event: 0.018 loading class java/lang/NullPointerException
Event: 0.018 loading class java/lang/NullPointerException done
Event: 0.018 loading class java/lang/ArithmeticException
Event: 0.018 loading class java/lang/ArithmeticException done


Dynamic libraries:
0x00007ff7652b0000 - 0x00007ff7652e1000 	D:\java\Android\Android Studio\jre\bin\java.exe
0x00007fff94870000 - 0x00007fff94a31000 	C:\windows\SYSTEM32\ntdll.dll
0x00007fff92990000 - 0x00007fff92a3d000 	C:\windows\system32\KERNEL32.DLL
0x00007fff918c0000 - 0x00007fff91aa8000 	C:\windows\system32\KERNELBASE.dll
0x00007fff92a40000 - 0x00007fff92ae7000 	C:\windows\system32\ADVAPI32.dll
0x00007fff91b80000 - 0x00007fff91c1d000 	C:\windows\system32\msvcrt.dll
0x00007fff947f0000 - 0x00007fff9484b000 	C:\windows\system32\sechost.dll
0x00007fff92610000 - 0x00007fff9272c000 	C:\windows\system32\RPCRT4.dll
0x00007fff94420000 - 0x00007fff94576000 	C:\windows\system32\USER32.dll
0x00007fff922d0000 - 0x00007fff92456000 	C:\windows\system32\GDI32.dll
0x00007fff7c940000 - 0x00007fff7cbb4000 	C:\windows\WinSxS\amd64_microsoft.windows.common-controls_6595b64144ccf1df_6.0.10586.0_none_8c15ae12515e1c22\COMCTL32.dll
0x00007fff92af0000 - 0x00007fff92d6d000 	C:\windows\system32\combase.dll
0x00007fff917a0000 - 0x00007fff9180a000 	C:\windows\system32\bcryptPrimitives.dll
0x00007fff928b0000 - 0x00007fff928eb000 	C:\windows\system32\IMM32.DLL
0x000000006b1b0000 - 0x000000006b282000 	D:\java\Android\Android Studio\jre\jre\bin\msvcr100.dll
0x000000006b370000 - 0x000000006bbac000 	D:\java\Android\Android Studio\jre\jre\bin\server\jvm.dll
0x00007fff90d40000 - 0x00007fff90d63000 	C:\windows\system32\WINMM.dll
0x00007fff90c60000 - 0x00007fff90c8c000 	C:\windows\system32\WINMMBASE.dll
0x00007fff90d70000 - 0x00007fff90db3000 	C:\windows\system32\cfgmgr32.dll
0x00007fff77780000 - 0x00007fff77789000 	C:\windows\SYSTEM32\WSOCK32.dll
0x00007fff922c0000 - 0x00007fff922c8000 	C:\windows\system32\PSAPI.DLL
0x00007fff8dd70000 - 0x00007fff8dd7a000 	C:\windows\SYSTEM32\VERSION.dll
0x00007fff91da0000 - 0x00007fff91e0b000 	C:\windows\system32\WS2_32.dll
0x00007fff8ef80000 - 0x00007fff8ef8f000 	D:\java\Android\Android Studio\jre\jre\bin\verify.dll
0x00007fff8db90000 - 0x00007fff8dbb9000 	D:\java\Android\Android Studio\jre\jre\bin\java.dll
0x00007fff85500000 - 0x00007fff85516000 	D:\java\Android\Android Studio\jre\jre\bin\zip.dll

VM Arguments:
jvm_args: -Djava.awt.headless=true -Dfile.encoding=GBK -Duser.country=CN -Duser.language=zh -Duser.variant 
java_command: com.android.multidex.ClassReferenceListBuilder D:\Danceapp\zgtywd\companys\SportsDance\Dance\build\intermediates\multi-dex\debug\componentClasses.jar D:\Danceapp\zgtywd\companys\SportsDance\Dance\build\intermediates\transforms\jarMerging\debug\jars\1\1f\combined.jar
java_class_path (initial): C:\Users\Administrator\AppData\Local\Android\Sdk\build-tools\25.0.0\lib\dx.jar
Launcher Type: SUN_STANDARD

Environment Variables:
JAVA_HOME=D:\java\jdk1.7.0_80
PATH=D:\java\Android\sdk1\platform-tools;D:\java\jdk1.7.0_80\bin;C:\windows\system32;C:\windows;C:\windows\System32\Wbem;C:\windows\System32\WindowsPowerShell\v1.0\;C:\Program Files\TortoiseSVN\bin;C:\Program Files\TortoiseGit\bin;C:\Program Files (x86)\Git\cmd;C:\Users\Administrator\AppData\Local\GitHubDesktop\bin
USERNAME=Administrator
OS=Windows_NT
PROCESSOR_IDENTIFIER=Intel64 Family 6 Model 158 Stepping 9, GenuineIntel



---------------  S Y S T E M  ---------------

OS: Windows 10.0 , 64 bit Build 10586 (10.0.10586.0)

CPU:total 4 (4 cores per cpu, 1 threads per core) family 6 model 158 stepping 9, cmov, cx8, fxsr, mmx, sse, sse2, sse3, ssse3, sse4.1, sse4.2, popcnt, avx, avx2, aes, clmul, erms, 3dnowpref, lzcnt, tsc, tscinvbit, bmi1, bmi2, adx

Memory: 4k page, physical 8251236k(816496k free), swap 9299812k(5136k free)

vm_info: OpenJDK 64-Bit Server VM (25.112-b06) for windows-amd64 JRE (1.8.0_112-release-b06), built on Dec  8 2016 00:54:26 by "builder" with MS VC++ 10.0 (VS2010)

time: Wed Aug 16 17:36:43 2017
elapsed time: 0 seconds (0d 0h 0m 0s)

